HCC1419
HCC1395
HCC202
UACC62
T98G
OAW42
HCC1187
IGR39
HCC1428
HS683
BT20
SKNSH
KMRC1
OCILY10
T47D
ASPC1
KYSE30
KNS62
KYSE510
AU565
HCC2218
CAL27
KNS81
COLO829
SKNFI
PSN1
NCIH1339
HS766T
HCC70
MCF7
RL
GRANTA519
PANC0403
NCIH1648
GI1
DU145
MDAMB468
PANC0327
RPMI8226
CFPAC1
HCC38
RERFLCMS
8305C
SKNAS
JHH4
COLO800
HS294T
LN18
NCIH1703
ES2
NCIH716
COLO680N
SKMEL24
OE33
CAL54
CAKI2
MIAPACA2
NCIH446
NCIH522
MG63
HCC1569
LNCAPCLONEFGC
SUDHL1
NCIH889
A172
HCC1954
ONS76
MOLP8
HCC1937
HEC59
NCIH23
NCIH1944
T84
HCC1806
SKCO1
786O
DETROIT562
TOV112D
OVTOKO
WM115
IMR32
DB
NCIH2170
KPNSI9S
HCC1143
HEP3B217
HUH1
ACHN
FADU
A375
MELJUSO
BHY
SNU5
SKMES1
NCIN87
LOXIMVI
SKBR3
IGROV1
NCIH661
G402
KALS1
LXF289
HCC78
G361
NB1
8505C
DMS273
RT112
KELLY
HS746T
HCC4006
IGR37
CAL51
BXPC3
DV90
U266B1
K562
CHP212
KARPAS422
CI1
CGTHW1
SW1990
NCIH727
KMS26
OCIAML2
NCIH2228
MALME3M
SW620
GB1
NCIH2405
CAL148
MELHO
BT474
MDAMB175VII
IPC298
NCIH1666
NCIH2122
HCC827
HLF
DOHH2
IGR1
HEL
OPM2
SNU182
RKO
DEL
KMS11
KMS12BM
SKMEL28
RAJI
NCIH650
NCIH1581
TC71
MCAS
OE19
PK1
HEC251
NCIH520
NCIH1155
LN229
SNU16
NALM6
MHHES1
KP4
CALU3
EPLC272H
A673
SUDHL4
FU97
NCIH2347
KMM1
NUGC3
MDAMB157
KARPAS620
DAUDI
SKMEL30
OCUM1
CHL1
SCLC21H
A498
SUDHL8
1321N1
KYSE410
C32
A2058
KPNYN
L363
HEC151
SW48
PANC0203
NIHOVCAR3
HS578T
KHM1B
CAL12T
RERFGC1B
KYSE180
PK45H
PANC1005
HT29
HCC15
MC116
KYSE450
NCIH1869
KE97
SNGM
KCIMOH1
HPAC
U2OS
EFE184
RL952
LCLC103H
KMS34
NCIH358
KYSE70
KYSE140
MKN45
LCLC97TM1
JHH5
MV411
RMGI
NUGC4
NCIH28
PC3
HCT15
AGS
JHH2
HT1080
OV90
HDQP1
NCIH1838
KYSE270
EFO27
RPMI7951
HUPT4
HEC1A
BT549
RVH421
CAPAN2
HUH7
KYSE150
MKN74
OVCAR8
TYKNU
KYSE520
AN3CA
MDAMB231
SKOV3
HGC27
MKN1
KURAMOCHI
CAKI1
SW403
COLO678
NCIH82
HEC6
HT55
COV318
CW2
OVCAR4
SW780
SNU398
NCIH2452
MEWO
KLE
ONCODG1
UMUC3
NCIH2009
A549
HEC265
BCPAP
NCIH1437
SW837
C2BBE1
LP1
U937
SW1463
HEC1B
HUPT3
HPAFII
JHH7
COV504
WM2664
NCIH1651
EFM19
PLCPRF5
KP3
VMRCLCD
NCIH2023
PK59
TOV21G
CA46
NCIH1299
KM12
YAPC
SKHEP1
SW480
LS1034
769P
COLO741
SKMEL3
HS852T
SW1573
RKN
LOVO
RT4
MDAMB453
NCIH1355
SNU423
CCFSTTG1
NCIH460
NCIH647
SNU475
HS695T
SKNDZ
BEN
HCC44
SU8686
C3A
BFTC909
MDAMB436
NOMO1
A2780
SUIT2
CAPAN1
SNUC1
RCM1
HEPG2
NCIH441
S117
COLO201
OCIAML5
SW948
HCT116
ABC1
2313287
HT
KG1
EVSAT
CAL120
KE39
SKMEL1
NCIH226
CHAGOK1
PATU8902
CAMA1
COLO205
U87MG
OVSAHO
QGP1
COLO679
SNU387
SKNBE2
SNU449
AMO1
SKM1
SUDHL10
EB2
SKMEL2
HUCCT1
